语法

    0 $accept: Program $end

    1 Program: ExtDefList

    2 ExtDefList: ExtDef ExtDefList
    3           | %empty

    4 ExtDef: Specifier ExtDecList SEMI
    5       | Specifier SEMI
    6       | Specifier FunDec CompSt
    7       | error SEMI
    8       | Specifier error SEMI
    9       | error Specifier SEMI

   10 ExtDecList: VarDec
   11           | VarDec COMMA ExtDecList
   12           | VarDec error ExtDefList

   13 Specifier: TYPE
   14          | StructSpecifier

   15 StructSpecifier: STRUCT OptTag LC DefList RC
   16                | STRUCT Tag

   17 OptTag: ID
   18       | %empty

   19 Tag: ID

   20 VarDec: ID
   21       | VarDec LB INT RB
   22       | VarDec LB error RB

   23 FunDec: ID LP VarList RP
   24       | ID LP RP
   25       | ID LP error RP
   26       | error LP VarList RP

   27 VarList: ParamDec COMMA VarList
   28        | ParamDec

   29 ParamDec: Specifier VarDec

   30 CompSt: LC DefList StmtList RC

   31 StmtList: Stmt StmtList
   32         | %empty

   33 Stmt: Exp SEMI
   34     | CompSt
   35     | RETURN Exp SEMI
   36     | IF LP Exp RP Stmt
   37     | IF LP Exp RP Stmt ELSE Stmt
   38     | WHILE LP Exp RP Stmt
   39     | error SEMI
   40     | Exp error SEMI
   41     | RETURN Exp error
   42     | RETURN error SEMI

   43 DefList: Def DefList
   44        | %empty

   45 Def: Specifier DecList SEMI
   46    | Specifier error SEMI
   47    | Specifier DecList error

   48 DecList: Dec
   49        | Dec COMMA DecList

   50 Dec: VarDec
   51    | VarDec ASSIGNOP Exp

   52 Exp: Exp ASSIGNOP Exp
   53    | Exp AND Exp
   54    | Exp OR Exp
   55    | Exp RELOP Exp
   56    | Exp PLUS Exp
   57    | Exp MINUS Exp
   58    | Exp STAR Exp
   59    | Exp DIV Exp
   60    | LP Exp RP
   61    | MINUS Exp
   62    | NOT Exp
   63    | ID LP Args RP
   64    | ID LP RP
   65    | Exp LB Exp RB
   66    | Exp DOT ID
   67    | ID
   68    | INT
   69    | FLOAT
   70    | Exp ASSIGNOP error
   71    | Exp AND error
   72    | Exp OR error
   73    | Exp RELOP error
   74    | Exp PLUS error
   75    | Exp MINUS error
   76    | Exp STAR error
   77    | Exp DIV error
   78    | LP error RP
   79    | MINUS error
   80    | NOT error
   81    | ID LP error RP
   82    | Exp LB error RB

   83 Args: Exp COMMA Args
   84     | Exp


终结语词，附有它们出现处的规则

    $end (0) 0
    error (256) 7 8 9 12 22 25 26 39 40 41 42 46 47 70 71 72 73 74 75 76 77 78 79 80 81 82
    INT <node> (258) 21 68
    FLOAT <node> (259) 69
    ID <node> (260) 17 19 20 23 24 25 63 64 66 67 81
    SEMI <node> (261) 4 5 7 8 9 33 35 39 40 42 45 46
    COMMA <node> (262) 11 27 49 83
    ASSIGNOP <node> (263) 51 52 70
    RELOP <node> (264) 55 73
    PLUS <node> (265) 56 74
    MINUS <node> (266) 57 61 75 79
    STAR <node> (267) 58 76
    DIV <node> (268) 59 77
    AND <node> (269) 53 71
    OR <node> (270) 54 72
    NOT <node> (271) 62 80
    DOT <node> (272) 66
    TYPE <node> (273) 13
    LP <node> (274) 23 24 25 26 36 37 38 60 63 64 78 81
    RP <node> (275) 23 24 25 26 36 37 38 60 63 64 78 81
    LB <node> (276) 21 22 65 82
    RB <node> (277) 21 22 65 82
    LC <node> (278) 15 30
    RC <node> (279) 15 30
    STRUCT <node> (280) 15 16
    RETURN <node> (281) 35 41 42
    IF <node> (282) 36 37
    ELSE <node> (283) 37
    WHILE <node> (284) 38
    UMINUS (285)
    LOWER_THAN_ELSE (286)


非终结语词，附有它们出现处的规则

    $accept (32)
        on left: 0
    Program <node> (33)
        on left: 1
        on right: 0
    ExtDefList <node> (34)
        on left: 2 3
        on right: 1 2 12
    ExtDef <node> (35)
        on left: 4 5 6 7 8 9
        on right: 2
    ExtDecList <node> (36)
        on left: 10 11 12
        on right: 4 11
    Specifier <node> (37)
        on left: 13 14
        on right: 4 5 6 8 9 29 45 46 47
    StructSpecifier <node> (38)
        on left: 15 16
        on right: 14
    OptTag <node> (39)
        on left: 17 18
        on right: 15
    Tag <node> (40)
        on left: 19
        on right: 16
    VarDec <node> (41)
        on left: 20 21 22
        on right: 10 11 12 21 22 29 50 51
    FunDec <node> (42)
        on left: 23 24 25 26
        on right: 6
    VarList <node> (43)
        on left: 27 28
        on right: 23 26 27
    ParamDec <node> (44)
        on left: 29
        on right: 27 28
    CompSt <node> (45)
        on left: 30
        on right: 6 34
    StmtList <node> (46)
        on left: 31 32
        on right: 30 31
    Stmt <node> (47)
        on left: 33 34 35 36 37 38 39 40 41 42
        on right: 31 36 37 38
    DefList <node> (48)
        on left: 43 44
        on right: 15 30 43
    Def <node> (49)
        on left: 45 46 47
        on right: 43
    DecList <node> (50)
        on left: 48 49
        on right: 45 47 49
    Dec <node> (51)
        on left: 50 51
        on right: 48 49
    Exp <node> (52)
        on left: 52 53 54 55 56 57 58 59 60 61 62 63 64 65 66 67 68 69 70 71 72 73 74 75 76 77 78 79 80 81 82
        on right: 33 35 36 37 38 40 41 51 52 53 54 55 56 57 58 59 60 61 62 65 66 70 71 72 73 74 75 76 77 82 83 84
    Args <node> (53)
        on left: 83 84
        on right: 63 83


状态 0

    0 $accept: . Program $end

    error   偏移，并进入状态 1
    TYPE    偏移，并进入状态 2
    STRUCT  偏移，并进入状态 3

    $end  使用规则 3 以归约 (ExtDefList)

    Program          转到状态 4
    ExtDefList       转到状态 5
    ExtDef           转到状态 6
    Specifier        转到状态 7
    StructSpecifier  转到状态 8


状态 1

    7 ExtDef: error . SEMI
    9       | error . Specifier SEMI

    SEMI    偏移，并进入状态 9
    TYPE    偏移，并进入状态 2
    STRUCT  偏移，并进入状态 3

    Specifier        转到状态 10
    StructSpecifier  转到状态 8


状态 2

   13 Specifier: TYPE .

    $default  使用规则 13 以归约 (Specifier)


状态 3

   15 StructSpecifier: STRUCT . OptTag LC DefList RC
   16                | STRUCT . Tag

    ID  偏移，并进入状态 11

    $default  使用规则 18 以归约 (OptTag)

    OptTag  转到状态 12
    Tag     转到状态 13


状态 4

    0 $accept: Program . $end

    $end  偏移，并进入状态 14


状态 5

    1 Program: ExtDefList .

    $default  使用规则 1 以归约 (Program)


状态 6

    2 ExtDefList: ExtDef . ExtDefList

    error   偏移，并进入状态 1
    TYPE    偏移，并进入状态 2
    STRUCT  偏移，并进入状态 3

    $end  使用规则 3 以归约 (ExtDefList)
    SEMI  使用规则 3 以归约 (ExtDefList)

    ExtDefList       转到状态 15
    ExtDef           转到状态 6
    Specifier        转到状态 7
    StructSpecifier  转到状态 8


状态 7

    4 ExtDef: Specifier . ExtDecList SEMI
    5       | Specifier . SEMI
    6       | Specifier . FunDec CompSt
    8       | Specifier . error SEMI

    error  偏移，并进入状态 16
    ID     偏移，并进入状态 17
    SEMI   偏移，并进入状态 18

    ExtDecList  转到状态 19
    VarDec      转到状态 20
    FunDec      转到状态 21


状态 8

   14 Specifier: StructSpecifier .

    $default  使用规则 14 以归约 (Specifier)


状态 9

    7 ExtDef: error SEMI .

    $default  使用规则 7 以归约 (ExtDef)


状态 10

    9 ExtDef: error Specifier . SEMI

    SEMI  偏移，并进入状态 22


状态 11

   17 OptTag: ID .
   19 Tag: ID .

    LC        使用规则 17 以归约 (OptTag)
    $default  使用规则 19 以归约 (Tag)


状态 12

   15 StructSpecifier: STRUCT OptTag . LC DefList RC

    LC  偏移，并进入状态 23


状态 13

   16 StructSpecifier: STRUCT Tag .

    $default  使用规则 16 以归约 (StructSpecifier)


状态 14

    0 $accept: Program $end .

    $default  接受


状态 15

    2 ExtDefList: ExtDef ExtDefList .

    $default  使用规则 2 以归约 (ExtDefList)


状态 16

    8 ExtDef: Specifier error . SEMI
   26 FunDec: error . LP VarList RP

    SEMI  偏移，并进入状态 24
    LP    偏移，并进入状态 25


状态 17

   20 VarDec: ID .
   23 FunDec: ID . LP VarList RP
   24       | ID . LP RP
   25       | ID . LP error RP

    LP  偏移，并进入状态 26

    $default  使用规则 20 以归约 (VarDec)


状态 18

    5 ExtDef: Specifier SEMI .

    $default  使用规则 5 以归约 (ExtDef)


状态 19

    4 ExtDef: Specifier ExtDecList . SEMI

    SEMI  偏移，并进入状态 27


状态 20

   10 ExtDecList: VarDec .
   11           | VarDec . COMMA ExtDecList
   12           | VarDec . error ExtDefList
   21 VarDec: VarDec . LB INT RB
   22       | VarDec . LB error RB

    error  偏移，并进入状态 28
    COMMA  偏移，并进入状态 29
    LB     偏移，并进入状态 30

    SEMI  使用规则 10 以归约 (ExtDecList)


状态 21

    6 ExtDef: Specifier FunDec . CompSt

    LC  偏移，并进入状态 31

    CompSt  转到状态 32


状态 22

    9 ExtDef: error Specifier SEMI .

    $default  使用规则 9 以归约 (ExtDef)


状态 23

   15 StructSpecifier: STRUCT OptTag LC . DefList RC

    TYPE    偏移，并进入状态 2
    STRUCT  偏移，并进入状态 3

    $default  使用规则 44 以归约 (DefList)

    Specifier        转到状态 33
    StructSpecifier  转到状态 8
    DefList          转到状态 34
    Def              转到状态 35


状态 24

    8 ExtDef: Specifier error SEMI .

    $default  使用规则 8 以归约 (ExtDef)


状态 25

   26 FunDec: error LP . VarList RP

    TYPE    偏移，并进入状态 2
    STRUCT  偏移，并进入状态 3

    Specifier        转到状态 36
    StructSpecifier  转到状态 8
    VarList          转到状态 37
    ParamDec         转到状态 38


状态 26

   23 FunDec: ID LP . VarList RP
   24       | ID LP . RP
   25       | ID LP . error RP

    error   偏移，并进入状态 39
    TYPE    偏移，并进入状态 2
    RP      偏移，并进入状态 40
    STRUCT  偏移，并进入状态 3

    Specifier        转到状态 36
    StructSpecifier  转到状态 8
    VarList          转到状态 41
    ParamDec         转到状态 38


状态 27

    4 ExtDef: Specifier ExtDecList SEMI .

    $default  使用规则 4 以归约 (ExtDef)


状态 28

   12 ExtDecList: VarDec error . ExtDefList

    error   偏移，并进入状态 1
    TYPE    偏移，并进入状态 2
    STRUCT  偏移，并进入状态 3

    SEMI  使用规则 3 以归约 (ExtDefList)

    ExtDefList       转到状态 42
    ExtDef           转到状态 6
    Specifier        转到状态 7
    StructSpecifier  转到状态 8


状态 29

   11 ExtDecList: VarDec COMMA . ExtDecList

    ID  偏移，并进入状态 43

    ExtDecList  转到状态 44
    VarDec      转到状态 20


状态 30

   21 VarDec: VarDec LB . INT RB
   22       | VarDec LB . error RB

    error  偏移，并进入状态 45
    INT    偏移，并进入状态 46


状态 31

   30 CompSt: LC . DefList StmtList RC

    TYPE    偏移，并进入状态 2
    STRUCT  偏移，并进入状态 3

    $default  使用规则 44 以归约 (DefList)

    Specifier        转到状态 33
    StructSpecifier  转到状态 8
    DefList          转到状态 47
    Def              转到状态 35


状态 32

    6 ExtDef: Specifier FunDec CompSt .

    $default  使用规则 6 以归约 (ExtDef)


状态 33

   45 Def: Specifier . DecList SEMI
   46    | Specifier . error SEMI
   47    | Specifier . DecList error

    error  偏移，并进入状态 48
    ID     偏移，并进入状态 43

    VarDec   转到状态 49
    DecList  转到状态 50
    Dec      转到状态 51


状态 34

   15 StructSpecifier: STRUCT OptTag LC DefList . RC

    RC  偏移，并进入状态 52


状态 35

   43 DefList: Def . DefList

    TYPE    偏移，并进入状态 2
    STRUCT  偏移，并进入状态 3

    $default  使用规则 44 以归约 (DefList)

    Specifier        转到状态 33
    StructSpecifier  转到状态 8
    DefList          转到状态 53
    Def              转到状态 35


状态 36

   29 ParamDec: Specifier . VarDec

    ID  偏移，并进入状态 43

    VarDec  转到状态 54


状态 37

   26 FunDec: error LP VarList . RP

    RP  偏移，并进入状态 55


状态 38

   27 VarList: ParamDec . COMMA VarList
   28        | ParamDec .

    COMMA  偏移，并进入状态 56

    $default  使用规则 28 以归约 (VarList)


状态 39

   25 FunDec: ID LP error . RP

    RP  偏移，并进入状态 57


状态 40

   24 FunDec: ID LP RP .

    $default  使用规则 24 以归约 (FunDec)


状态 41

   23 FunDec: ID LP VarList . RP

    RP  偏移，并进入状态 58


状态 42

   12 ExtDecList: VarDec error ExtDefList .

    $default  使用规则 12 以归约 (ExtDecList)


状态 43

   20 VarDec: ID .

    $default  使用规则 20 以归约 (VarDec)


状态 44

   11 ExtDecList: VarDec COMMA ExtDecList .

    $default  使用规则 11 以归约 (ExtDecList)


状态 45

   22 VarDec: VarDec LB error . RB

    RB  偏移，并进入状态 59


状态 46

   21 VarDec: VarDec LB INT . RB

    RB  偏移，并进入状态 60


状态 47

   30 CompSt: LC DefList . StmtList RC

    error   偏移，并进入状态 61
    INT     偏移，并进入状态 62
    FLOAT   偏移，并进入状态 63
    ID      偏移，并进入状态 64
    MINUS   偏移，并进入状态 65
    NOT     偏移，并进入状态 66
    LP      偏移，并进入状态 67
    LC      偏移，并进入状态 31
    RETURN  偏移，并进入状态 68
    IF      偏移，并进入状态 69
    WHILE   偏移，并进入状态 70

    RC  使用规则 32 以归约 (StmtList)

    CompSt    转到状态 71
    StmtList  转到状态 72
    Stmt      转到状态 73
    Exp       转到状态 74


状态 48

   46 Def: Specifier error . SEMI

    SEMI  偏移，并进入状态 75


状态 49

   21 VarDec: VarDec . LB INT RB
   22       | VarDec . LB error RB
   50 Dec: VarDec .
   51    | VarDec . ASSIGNOP Exp

    ASSIGNOP  偏移，并进入状态 76
    LB        偏移，并进入状态 30

    $default  使用规则 50 以归约 (Dec)


状态 50

   45 Def: Specifier DecList . SEMI
   47    | Specifier DecList . error

    error  偏移，并进入状态 77
    SEMI   偏移，并进入状态 78


状态 51

   48 DecList: Dec .
   49        | Dec . COMMA DecList

    COMMA  偏移，并进入状态 79

    $default  使用规则 48 以归约 (DecList)


状态 52

   15 StructSpecifier: STRUCT OptTag LC DefList RC .

    $default  使用规则 15 以归约 (StructSpecifier)


状态 53

   43 DefList: Def DefList .

    $default  使用规则 43 以归约 (DefList)


状态 54

   21 VarDec: VarDec . LB INT RB
   22       | VarDec . LB error RB
   29 ParamDec: Specifier VarDec .

    LB  偏移，并进入状态 30

    $default  使用规则 29 以归约 (ParamDec)


状态 55

   26 FunDec: error LP VarList RP .

    $default  使用规则 26 以归约 (FunDec)


状态 56

   27 VarList: ParamDec COMMA . VarList

    TYPE    偏移，并进入状态 2
    STRUCT  偏移，并进入状态 3

    Specifier        转到状态 36
    StructSpecifier  转到状态 8
    VarList          转到状态 80
    ParamDec         转到状态 38


状态 57

   25 FunDec: ID LP error RP .

    $default  使用规则 25 以归约 (FunDec)


状态 58

   23 FunDec: ID LP VarList RP .

    $default  使用规则 23 以归约 (FunDec)


状态 59

   22 VarDec: VarDec LB error RB .

    $default  使用规则 22 以归约 (VarDec)


状态 60

   21 VarDec: VarDec LB INT RB .

    $default  使用规则 21 以归约 (VarDec)


状态 61

   39 Stmt: error . SEMI

    SEMI  偏移，并进入状态 81


状态 62

   68 Exp: INT .

    $default  使用规则 68 以归约 (Exp)


状态 63

   69 Exp: FLOAT .

    $default  使用规则 69 以归约 (Exp)


状态 64

   63 Exp: ID . LP Args RP
   64    | ID . LP RP
   67    | ID .
   81    | ID . LP error RP

    LP  偏移，并进入状态 82

    $default  使用规则 67 以归约 (Exp)


状态 65

   61 Exp: MINUS . Exp
   79    | MINUS . error

    error  偏移，并进入状态 83
    INT    偏移，并进入状态 62
    FLOAT  偏移，并进入状态 63
    ID     偏移，并进入状态 64
    MINUS  偏移，并进入状态 65
    NOT    偏移，并进入状态 66
    LP     偏移，并进入状态 67

    Exp  转到状态 84


状态 66

   62 Exp: NOT . Exp
   80    | NOT . error

    error  偏移，并进入状态 85
    INT    偏移，并进入状态 62
    FLOAT  偏移，并进入状态 63
    ID     偏移，并进入状态 64
    MINUS  偏移，并进入状态 65
    NOT    偏移，并进入状态 66
    LP     偏移，并进入状态 67

    Exp  转到状态 86


状态 67

   60 Exp: LP . Exp RP
   78    | LP . error RP

    error  偏移，并进入状态 87
    INT    偏移，并进入状态 62
    FLOAT  偏移，并进入状态 63
    ID     偏移，并进入状态 64
    MINUS  偏移，并进入状态 65
    NOT    偏移，并进入状态 66
    LP     偏移，并进入状态 67

    Exp  转到状态 88


状态 68

   35 Stmt: RETURN . Exp SEMI
   41     | RETURN . Exp error
   42     | RETURN . error SEMI

    error  偏移，并进入状态 89
    INT    偏移，并进入状态 62
    FLOAT  偏移，并进入状态 63
    ID     偏移，并进入状态 64
    MINUS  偏移，并进入状态 65
    NOT    偏移，并进入状态 66
    LP     偏移，并进入状态 67

    Exp  转到状态 90


状态 69

   36 Stmt: IF . LP Exp RP Stmt
   37     | IF . LP Exp RP Stmt ELSE Stmt

    LP  偏移，并进入状态 91


状态 70

   38 Stmt: WHILE . LP Exp RP Stmt

    LP  偏移，并进入状态 92


状态 71

   34 Stmt: CompSt .

    $default  使用规则 34 以归约 (Stmt)


状态 72

   30 CompSt: LC DefList StmtList . RC

    RC  偏移，并进入状态 93


状态 73

   31 StmtList: Stmt . StmtList

    error   偏移，并进入状态 61
    INT     偏移，并进入状态 62
    FLOAT   偏移，并进入状态 63
    ID      偏移，并进入状态 64
    MINUS   偏移，并进入状态 65
    NOT     偏移，并进入状态 66
    LP      偏移，并进入状态 67
    LC      偏移，并进入状态 31
    RETURN  偏移，并进入状态 68
    IF      偏移，并进入状态 69
    WHILE   偏移，并进入状态 70

    RC  使用规则 32 以归约 (StmtList)

    CompSt    转到状态 71
    StmtList  转到状态 94
    Stmt      转到状态 73
    Exp       转到状态 74


状态 74

   33 Stmt: Exp . SEMI
   40     | Exp . error SEMI
   52 Exp: Exp . ASSIGNOP Exp
   53    | Exp . AND Exp
   54    | Exp . OR Exp
   55    | Exp . RELOP Exp
   56    | Exp . PLUS Exp
   57    | Exp . MINUS Exp
   58    | Exp . STAR Exp
   59    | Exp . DIV Exp
   65    | Exp . LB Exp RB
   66    | Exp . DOT ID
   70    | Exp . ASSIGNOP error
   71    | Exp . AND error
   72    | Exp . OR error
   73    | Exp . RELOP error
   74    | Exp . PLUS error
   75    | Exp . MINUS error
   76    | Exp . STAR error
   77    | Exp . DIV error
   82    | Exp . LB error RB

    error     偏移，并进入状态 95
    SEMI      偏移，并进入状态 96
    ASSIGNOP  偏移，并进入状态 97
    RELOP     偏移，并进入状态 98
    PLUS      偏移，并进入状态 99
    MINUS     偏移，并进入状态 100
    STAR      偏移，并进入状态 101
    DIV       偏移，并进入状态 102
    AND       偏移，并进入状态 103
    OR        偏移，并进入状态 104
    DOT       偏移，并进入状态 105
    LB        偏移，并进入状态 106


状态 75

   46 Def: Specifier error SEMI .

    $default  使用规则 46 以归约 (Def)


状态 76

   51 Dec: VarDec ASSIGNOP . Exp

    INT    偏移，并进入状态 62
    FLOAT  偏移，并进入状态 63
    ID     偏移，并进入状态 64
    MINUS  偏移，并进入状态 65
    NOT    偏移，并进入状态 66
    LP     偏移，并进入状态 67

    Exp  转到状态 107


状态 77

   47 Def: Specifier DecList error .

    $default  使用规则 47 以归约 (Def)


状态 78

   45 Def: Specifier DecList SEMI .

    $default  使用规则 45 以归约 (Def)


状态 79

   49 DecList: Dec COMMA . DecList

    ID  偏移，并进入状态 43

    VarDec   转到状态 49
    DecList  转到状态 108
    Dec      转到状态 51


状态 80

   27 VarList: ParamDec COMMA VarList .

    $default  使用规则 27 以归约 (VarList)


状态 81

   39 Stmt: error SEMI .

    $default  使用规则 39 以归约 (Stmt)


状态 82

   63 Exp: ID LP . Args RP
   64    | ID LP . RP
   81    | ID LP . error RP

    error  偏移，并进入状态 109
    INT    偏移，并进入状态 62
    FLOAT  偏移，并进入状态 63
    ID     偏移，并进入状态 64
    MINUS  偏移，并进入状态 65
    NOT    偏移，并进入状态 66
    LP     偏移，并进入状态 67
    RP     偏移，并进入状态 110

    Exp   转到状态 111
    Args  转到状态 112


状态 83

   79 Exp: MINUS error .

    $default  使用规则 79 以归约 (Exp)


状态 84

   52 Exp: Exp . ASSIGNOP Exp
   53    | Exp . AND Exp
   54    | Exp . OR Exp
   55    | Exp . RELOP Exp
   56    | Exp . PLUS Exp
   57    | Exp . MINUS Exp
   58    | Exp . STAR Exp
   59    | Exp . DIV Exp
   61    | MINUS Exp .
   65    | Exp . LB Exp RB
   66    | Exp . DOT ID
   70    | Exp . ASSIGNOP error
   71    | Exp . AND error
   72    | Exp . OR error
   73    | Exp . RELOP error
   74    | Exp . PLUS error
   75    | Exp . MINUS error
   76    | Exp . STAR error
   77    | Exp . DIV error
   82    | Exp . LB error RB

    $default  使用规则 61 以归约 (Exp)


状态 85

   80 Exp: NOT error .

    $default  使用规则 80 以归约 (Exp)


状态 86

   52 Exp: Exp . ASSIGNOP Exp
   53    | Exp . AND Exp
   54    | Exp . OR Exp
   55    | Exp . RELOP Exp
   56    | Exp . PLUS Exp
   57    | Exp . MINUS Exp
   58    | Exp . STAR Exp
   59    | Exp . DIV Exp
   62    | NOT Exp .
   65    | Exp . LB Exp RB
   66    | Exp . DOT ID
   70    | Exp . ASSIGNOP error
   71    | Exp . AND error
   72    | Exp . OR error
   73    | Exp . RELOP error
   74    | Exp . PLUS error
   75    | Exp . MINUS error
   76    | Exp . STAR error
   77    | Exp . DIV error
   82    | Exp . LB error RB

    DOT  偏移，并进入状态 105
    LB   偏移，并进入状态 106

    $default  使用规则 62 以归约 (Exp)


状态 87

   78 Exp: LP error . RP

    RP  偏移，并进入状态 113


状态 88

   52 Exp: Exp . ASSIGNOP Exp
   53    | Exp . AND Exp
   54    | Exp . OR Exp
   55    | Exp . RELOP Exp
   56    | Exp . PLUS Exp
   57    | Exp . MINUS Exp
   58    | Exp . STAR Exp
   59    | Exp . DIV Exp
   60    | LP Exp . RP
   65    | Exp . LB Exp RB
   66    | Exp . DOT ID
   70    | Exp . ASSIGNOP error
   71    | Exp . AND error
   72    | Exp . OR error
   73    | Exp . RELOP error
   74    | Exp . PLUS error
   75    | Exp . MINUS error
   76    | Exp . STAR error
   77    | Exp . DIV error
   82    | Exp . LB error RB

    ASSIGNOP  偏移，并进入状态 97
    RELOP     偏移，并进入状态 98
    PLUS      偏移，并进入状态 99
    MINUS     偏移，并进入状态 100
    STAR      偏移，并进入状态 101
    DIV       偏移，并进入状态 102
    AND       偏移，并进入状态 103
    OR        偏移，并进入状态 104
    DOT       偏移，并进入状态 105
    RP        偏移，并进入状态 114
    LB        偏移，并进入状态 106


状态 89

   42 Stmt: RETURN error . SEMI

    SEMI  偏移，并进入状态 115


状态 90

   35 Stmt: RETURN Exp . SEMI
   41     | RETURN Exp . error
   52 Exp: Exp . ASSIGNOP Exp
   53    | Exp . AND Exp
   54    | Exp . OR Exp
   55    | Exp . RELOP Exp
   56    | Exp . PLUS Exp
   57    | Exp . MINUS Exp
   58    | Exp . STAR Exp
   59    | Exp . DIV Exp
   65    | Exp . LB Exp RB
   66    | Exp . DOT ID
   70    | Exp . ASSIGNOP error
   71    | Exp . AND error
   72    | Exp . OR error
   73    | Exp . RELOP error
   74    | Exp . PLUS error
   75    | Exp . MINUS error
   76    | Exp . STAR error
   77    | Exp . DIV error
   82    | Exp . LB error RB

    error     偏移，并进入状态 116
    SEMI      偏移，并进入状态 117
    ASSIGNOP  偏移，并进入状态 97
    RELOP     偏移，并进入状态 98
    PLUS      偏移，并进入状态 99
    MINUS     偏移，并进入状态 100
    STAR      偏移，并进入状态 101
    DIV       偏移，并进入状态 102
    AND       偏移，并进入状态 103
    OR        偏移，并进入状态 104
    DOT       偏移，并进入状态 105
    LB        偏移，并进入状态 106


状态 91

   36 Stmt: IF LP . Exp RP Stmt
   37     | IF LP . Exp RP Stmt ELSE Stmt

    INT    偏移，并进入状态 62
    FLOAT  偏移，并进入状态 63
    ID     偏移，并进入状态 64
    MINUS  偏移，并进入状态 65
    NOT    偏移，并进入状态 66
    LP     偏移，并进入状态 67

    Exp  转到状态 118


状态 92

   38 Stmt: WHILE LP . Exp RP Stmt

    INT    偏移，并进入状态 62
    FLOAT  偏移，并进入状态 63
    ID     偏移，并进入状态 64
    MINUS  偏移，并进入状态 65
    NOT    偏移，并进入状态 66
    LP     偏移，并进入状态 67

    Exp  转到状态 119


状态 93

   30 CompSt: LC DefList StmtList RC .

    $default  使用规则 30 以归约 (CompSt)


状态 94

   31 StmtList: Stmt StmtList .

    $default  使用规则 31 以归约 (StmtList)


状态 95

   40 Stmt: Exp error . SEMI

    SEMI  偏移，并进入状态 120


状态 96

   33 Stmt: Exp SEMI .

    $default  使用规则 33 以归约 (Stmt)


状态 97

   52 Exp: Exp ASSIGNOP . Exp
   70    | Exp ASSIGNOP . error

    error  偏移，并进入状态 121
    INT    偏移，并进入状态 62
    FLOAT  偏移，并进入状态 63
    ID     偏移，并进入状态 64
    MINUS  偏移，并进入状态 65
    NOT    偏移，并进入状态 66
    LP     偏移，并进入状态 67

    Exp  转到状态 122


状态 98

   55 Exp: Exp RELOP . Exp
   73    | Exp RELOP . error

    error  偏移，并进入状态 123
    INT    偏移，并进入状态 62
    FLOAT  偏移，并进入状态 63
    ID     偏移，并进入状态 64
    MINUS  偏移，并进入状态 65
    NOT    偏移，并进入状态 66
    LP     偏移，并进入状态 67

    Exp  转到状态 124


状态 99

   56 Exp: Exp PLUS . Exp
   74    | Exp PLUS . error

    error  偏移，并进入状态 125
    INT    偏移，并进入状态 62
    FLOAT  偏移，并进入状态 63
    ID     偏移，并进入状态 64
    MINUS  偏移，并进入状态 65
    NOT    偏移，并进入状态 66
    LP     偏移，并进入状态 67

    Exp  转到状态 126


状态 100

   57 Exp: Exp MINUS . Exp
   75    | Exp MINUS . error

    error  偏移，并进入状态 127
    INT    偏移，并进入状态 62
    FLOAT  偏移，并进入状态 63
    ID     偏移，并进入状态 64
    MINUS  偏移，并进入状态 65
    NOT    偏移，并进入状态 66
    LP     偏移，并进入状态 67

    Exp  转到状态 128


状态 101

   58 Exp: Exp STAR . Exp
   76    | Exp STAR . error

    error  偏移，并进入状态 129
    INT    偏移，并进入状态 62
    FLOAT  偏移，并进入状态 63
    ID     偏移，并进入状态 64
    MINUS  偏移，并进入状态 65
    NOT    偏移，并进入状态 66
    LP     偏移，并进入状态 67

    Exp  转到状态 130


状态 102

   59 Exp: Exp DIV . Exp
   77    | Exp DIV . error

    error  偏移，并进入状态 131
    INT    偏移，并进入状态 62
    FLOAT  偏移，并进入状态 63
    ID     偏移，并进入状态 64
    MINUS  偏移，并进入状态 65
    NOT    偏移，并进入状态 66
    LP     偏移，并进入状态 67

    Exp  转到状态 132


状态 103

   53 Exp: Exp AND . Exp
   71    | Exp AND . error

    error  偏移，并进入状态 133
    INT    偏移，并进入状态 62
    FLOAT  偏移，并进入状态 63
    ID     偏移，并进入状态 64
    MINUS  偏移，并进入状态 65
    NOT    偏移，并进入状态 66
    LP     偏移，并进入状态 67

    Exp  转到状态 134


状态 104

   54 Exp: Exp OR . Exp
   72    | Exp OR . error

    error  偏移，并进入状态 135
    INT    偏移，并进入状态 62
    FLOAT  偏移，并进入状态 63
    ID     偏移，并进入状态 64
    MINUS  偏移，并进入状态 65
    NOT    偏移，并进入状态 66
    LP     偏移，并进入状态 67

    Exp  转到状态 136


状态 105

   66 Exp: Exp DOT . ID

    ID  偏移，并进入状态 137


状态 106

   65 Exp: Exp LB . Exp RB
   82    | Exp LB . error RB

    error  偏移，并进入状态 138
    INT    偏移，并进入状态 62
    FLOAT  偏移，并进入状态 63
    ID     偏移，并进入状态 64
    MINUS  偏移，并进入状态 65
    NOT    偏移，并进入状态 66
    LP     偏移，并进入状态 67

    Exp  转到状态 139


状态 107

   51 Dec: VarDec ASSIGNOP Exp .
   52 Exp: Exp . ASSIGNOP Exp
   53    | Exp . AND Exp
   54    | Exp . OR Exp
   55    | Exp . RELOP Exp
   56    | Exp . PLUS Exp
   57    | Exp . MINUS Exp
   58    | Exp . STAR Exp
   59    | Exp . DIV Exp
   65    | Exp . LB Exp RB
   66    | Exp . DOT ID
   70    | Exp . ASSIGNOP error
   71    | Exp . AND error
   72    | Exp . OR error
   73    | Exp . RELOP error
   74    | Exp . PLUS error
   75    | Exp . MINUS error
   76    | Exp . STAR error
   77    | Exp . DIV error
   82    | Exp . LB error RB

    ASSIGNOP  偏移，并进入状态 97
    RELOP     偏移，并进入状态 98
    PLUS      偏移，并进入状态 99
    MINUS     偏移，并进入状态 100
    STAR      偏移，并进入状态 101
    DIV       偏移，并进入状态 102
    AND       偏移，并进入状态 103
    OR        偏移，并进入状态 104
    DOT       偏移，并进入状态 105
    LB        偏移，并进入状态 106

    $default  使用规则 51 以归约 (Dec)


状态 108

   49 DecList: Dec COMMA DecList .

    $default  使用规则 49 以归约 (DecList)


状态 109

   81 Exp: ID LP error . RP

    RP  偏移，并进入状态 140


状态 110

   64 Exp: ID LP RP .

    $default  使用规则 64 以归约 (Exp)


状态 111

   52 Exp: Exp . ASSIGNOP Exp
   53    | Exp . AND Exp
   54    | Exp . OR Exp
   55    | Exp . RELOP Exp
   56    | Exp . PLUS Exp
   57    | Exp . MINUS Exp
   58    | Exp . STAR Exp
   59    | Exp . DIV Exp
   65    | Exp . LB Exp RB
   66    | Exp . DOT ID
   70    | Exp . ASSIGNOP error
   71    | Exp . AND error
   72    | Exp . OR error
   73    | Exp . RELOP error
   74    | Exp . PLUS error
   75    | Exp . MINUS error
   76    | Exp . STAR error
   77    | Exp . DIV error
   82    | Exp . LB error RB
   83 Args: Exp . COMMA Args
   84     | Exp .

    COMMA     偏移，并进入状态 141
    ASSIGNOP  偏移，并进入状态 97
    RELOP     偏移，并进入状态 98
    PLUS      偏移，并进入状态 99
    MINUS     偏移，并进入状态 100
    STAR      偏移，并进入状态 101
    DIV       偏移，并进入状态 102
    AND       偏移，并进入状态 103
    OR        偏移，并进入状态 104
    DOT       偏移，并进入状态 105
    LB        偏移，并进入状态 106

    $default  使用规则 84 以归约 (Args)


状态 112

   63 Exp: ID LP Args . RP

    RP  偏移，并进入状态 142


状态 113

   78 Exp: LP error RP .

    $default  使用规则 78 以归约 (Exp)


状态 114

   60 Exp: LP Exp RP .

    $default  使用规则 60 以归约 (Exp)


状态 115

   42 Stmt: RETURN error SEMI .

    $default  使用规则 42 以归约 (Stmt)


状态 116

   41 Stmt: RETURN Exp error .

    $default  使用规则 41 以归约 (Stmt)


状态 117

   35 Stmt: RETURN Exp SEMI .

    $default  使用规则 35 以归约 (Stmt)


状态 118

   36 Stmt: IF LP Exp . RP Stmt
   37     | IF LP Exp . RP Stmt ELSE Stmt
   52 Exp: Exp . ASSIGNOP Exp
   53    | Exp . AND Exp
   54    | Exp . OR Exp
   55    | Exp . RELOP Exp
   56    | Exp . PLUS Exp
   57    | Exp . MINUS Exp
   58    | Exp . STAR Exp
   59    | Exp . DIV Exp
   65    | Exp . LB Exp RB
   66    | Exp . DOT ID
   70    | Exp . ASSIGNOP error
   71    | Exp . AND error
   72    | Exp . OR error
   73    | Exp . RELOP error
   74    | Exp . PLUS error
   75    | Exp . MINUS error
   76    | Exp . STAR error
   77    | Exp . DIV error
   82    | Exp . LB error RB

    ASSIGNOP  偏移，并进入状态 97
    RELOP     偏移，并进入状态 98
    PLUS      偏移，并进入状态 99
    MINUS     偏移，并进入状态 100
    STAR      偏移，并进入状态 101
    DIV       偏移，并进入状态 102
    AND       偏移，并进入状态 103
    OR        偏移，并进入状态 104
    DOT       偏移，并进入状态 105
    RP        偏移，并进入状态 143
    LB        偏移，并进入状态 106


状态 119

   38 Stmt: WHILE LP Exp . RP Stmt
   52 Exp: Exp . ASSIGNOP Exp
   53    | Exp . AND Exp
   54    | Exp . OR Exp
   55    | Exp . RELOP Exp
   56    | Exp . PLUS Exp
   57    | Exp . MINUS Exp
   58    | Exp . STAR Exp
   59    | Exp . DIV Exp
   65    | Exp . LB Exp RB
   66    | Exp . DOT ID
   70    | Exp . ASSIGNOP error
   71    | Exp . AND error
   72    | Exp . OR error
   73    | Exp . RELOP error
   74    | Exp . PLUS error
   75    | Exp . MINUS error
   76    | Exp . STAR error
   77    | Exp . DIV error
   82    | Exp . LB error RB

    ASSIGNOP  偏移，并进入状态 97
    RELOP     偏移，并进入状态 98
    PLUS      偏移，并进入状态 99
    MINUS     偏移，并进入状态 100
    STAR      偏移，并进入状态 101
    DIV       偏移，并进入状态 102
    AND       偏移，并进入状态 103
    OR        偏移，并进入状态 104
    DOT       偏移，并进入状态 105
    RP        偏移，并进入状态 144
    LB        偏移，并进入状态 106


状态 120

   40 Stmt: Exp error SEMI .

    $default  使用规则 40 以归约 (Stmt)


状态 121

   70 Exp: Exp ASSIGNOP error .

    $default  使用规则 70 以归约 (Exp)


状态 122

   52 Exp: Exp . ASSIGNOP Exp
   52    | Exp ASSIGNOP Exp .
   53    | Exp . AND Exp
   54    | Exp . OR Exp
   55    | Exp . RELOP Exp
   56    | Exp . PLUS Exp
   57    | Exp . MINUS Exp
   58    | Exp . STAR Exp
   59    | Exp . DIV Exp
   65    | Exp . LB Exp RB
   66    | Exp . DOT ID
   70    | Exp . ASSIGNOP error
   71    | Exp . AND error
   72    | Exp . OR error
   73    | Exp . RELOP error
   74    | Exp . PLUS error
   75    | Exp . MINUS error
   76    | Exp . STAR error
   77    | Exp . DIV error
   82    | Exp . LB error RB

    ASSIGNOP  偏移，并进入状态 97
    RELOP     偏移，并进入状态 98
    PLUS      偏移，并进入状态 99
    MINUS     偏移，并进入状态 100
    STAR      偏移，并进入状态 101
    DIV       偏移，并进入状态 102
    AND       偏移，并进入状态 103
    OR        偏移，并进入状态 104
    DOT       偏移，并进入状态 105
    LB        偏移，并进入状态 106

    $default  使用规则 52 以归约 (Exp)


状态 123

   73 Exp: Exp RELOP error .

    $default  使用规则 73 以归约 (Exp)


状态 124

   52 Exp: Exp . ASSIGNOP Exp
   53    | Exp . AND Exp
   54    | Exp . OR Exp
   55    | Exp . RELOP Exp
   55    | Exp RELOP Exp .
   56    | Exp . PLUS Exp
   57    | Exp . MINUS Exp
   58    | Exp . STAR Exp
   59    | Exp . DIV Exp
   65    | Exp . LB Exp RB
   66    | Exp . DOT ID
   70    | Exp . ASSIGNOP error
   71    | Exp . AND error
   72    | Exp . OR error
   73    | Exp . RELOP error
   74    | Exp . PLUS error
   75    | Exp . MINUS error
   76    | Exp . STAR error
   77    | Exp . DIV error
   82    | Exp . LB error RB

    PLUS   偏移，并进入状态 99
    MINUS  偏移，并进入状态 100
    STAR   偏移，并进入状态 101
    DIV    偏移，并进入状态 102
    DOT    偏移，并进入状态 105
    LB     偏移，并进入状态 106

    $default  使用规则 55 以归约 (Exp)


状态 125

   74 Exp: Exp PLUS error .

    $default  使用规则 74 以归约 (Exp)


状态 126

   52 Exp: Exp . ASSIGNOP Exp
   53    | Exp . AND Exp
   54    | Exp . OR Exp
   55    | Exp . RELOP Exp
   56    | Exp . PLUS Exp
   56    | Exp PLUS Exp .
   57    | Exp . MINUS Exp
   58    | Exp . STAR Exp
   59    | Exp . DIV Exp
   65    | Exp . LB Exp RB
   66    | Exp . DOT ID
   70    | Exp . ASSIGNOP error
   71    | Exp . AND error
   72    | Exp . OR error
   73    | Exp . RELOP error
   74    | Exp . PLUS error
   75    | Exp . MINUS error
   76    | Exp . STAR error
   77    | Exp . DIV error
   82    | Exp . LB error RB

    STAR  偏移，并进入状态 101
    DIV   偏移，并进入状态 102
    DOT   偏移，并进入状态 105
    LB    偏移，并进入状态 106

    $default  使用规则 56 以归约 (Exp)


状态 127

   75 Exp: Exp MINUS error .

    $default  使用规则 75 以归约 (Exp)


状态 128

   52 Exp: Exp . ASSIGNOP Exp
   53    | Exp . AND Exp
   54    | Exp . OR Exp
   55    | Exp . RELOP Exp
   56    | Exp . PLUS Exp
   57    | Exp . MINUS Exp
   57    | Exp MINUS Exp .
   58    | Exp . STAR Exp
   59    | Exp . DIV Exp
   65    | Exp . LB Exp RB
   66    | Exp . DOT ID
   70    | Exp . ASSIGNOP error
   71    | Exp . AND error
   72    | Exp . OR error
   73    | Exp . RELOP error
   74    | Exp . PLUS error
   75    | Exp . MINUS error
   76    | Exp . STAR error
   77    | Exp . DIV error
   82    | Exp . LB error RB

    STAR  偏移，并进入状态 101
    DIV   偏移，并进入状态 102
    DOT   偏移，并进入状态 105
    LB    偏移，并进入状态 106

    $default  使用规则 57 以归约 (Exp)


状态 129

   76 Exp: Exp STAR error .

    $default  使用规则 76 以归约 (Exp)


状态 130

   52 Exp: Exp . ASSIGNOP Exp
   53    | Exp . AND Exp
   54    | Exp . OR Exp
   55    | Exp . RELOP Exp
   56    | Exp . PLUS Exp
   57    | Exp . MINUS Exp
   58    | Exp . STAR Exp
   58    | Exp STAR Exp .
   59    | Exp . DIV Exp
   65    | Exp . LB Exp RB
   66    | Exp . DOT ID
   70    | Exp . ASSIGNOP error
   71    | Exp . AND error
   72    | Exp . OR error
   73    | Exp . RELOP error
   74    | Exp . PLUS error
   75    | Exp . MINUS error
   76    | Exp . STAR error
   77    | Exp . DIV error
   82    | Exp . LB error RB

    DOT  偏移，并进入状态 105
    LB   偏移，并进入状态 106

    $default  使用规则 58 以归约 (Exp)


状态 131

   77 Exp: Exp DIV error .

    $default  使用规则 77 以归约 (Exp)


状态 132

   52 Exp: Exp . ASSIGNOP Exp
   53    | Exp . AND Exp
   54    | Exp . OR Exp
   55    | Exp . RELOP Exp
   56    | Exp . PLUS Exp
   57    | Exp . MINUS Exp
   58    | Exp . STAR Exp
   59    | Exp . DIV Exp
   59    | Exp DIV Exp .
   65    | Exp . LB Exp RB
   66    | Exp . DOT ID
   70    | Exp . ASSIGNOP error
   71    | Exp . AND error
   72    | Exp . OR error
   73    | Exp . RELOP error
   74    | Exp . PLUS error
   75    | Exp . MINUS error
   76    | Exp . STAR error
   77    | Exp . DIV error
   82    | Exp . LB error RB

    DOT  偏移，并进入状态 105
    LB   偏移，并进入状态 106

    $default  使用规则 59 以归约 (Exp)


状态 133

   71 Exp: Exp AND error .

    $default  使用规则 71 以归约 (Exp)


状态 134

   52 Exp: Exp . ASSIGNOP Exp
   53    | Exp . AND Exp
   53    | Exp AND Exp .
   54    | Exp . OR Exp
   55    | Exp . RELOP Exp
   56    | Exp . PLUS Exp
   57    | Exp . MINUS Exp
   58    | Exp . STAR Exp
   59    | Exp . DIV Exp
   65    | Exp . LB Exp RB
   66    | Exp . DOT ID
   70    | Exp . ASSIGNOP error
   71    | Exp . AND error
   72    | Exp . OR error
   73    | Exp . RELOP error
   74    | Exp . PLUS error
   75    | Exp . MINUS error
   76    | Exp . STAR error
   77    | Exp . DIV error
   82    | Exp . LB error RB

    RELOP  偏移，并进入状态 98
    PLUS   偏移，并进入状态 99
    MINUS  偏移，并进入状态 100
    STAR   偏移，并进入状态 101
    DIV    偏移，并进入状态 102
    DOT    偏移，并进入状态 105
    LB     偏移，并进入状态 106

    $default  使用规则 53 以归约 (Exp)


状态 135

   72 Exp: Exp OR error .

    $default  使用规则 72 以归约 (Exp)


状态 136

   52 Exp: Exp . ASSIGNOP Exp
   53    | Exp . AND Exp
   54    | Exp . OR Exp
   54    | Exp OR Exp .
   55    | Exp . RELOP Exp
   56    | Exp . PLUS Exp
   57    | Exp . MINUS Exp
   58    | Exp . STAR Exp
   59    | Exp . DIV Exp
   65    | Exp . LB Exp RB
   66    | Exp . DOT ID
   70    | Exp . ASSIGNOP error
   71    | Exp . AND error
   72    | Exp . OR error
   73    | Exp . RELOP error
   74    | Exp . PLUS error
   75    | Exp . MINUS error
   76    | Exp . STAR error
   77    | Exp . DIV error
   82    | Exp . LB error RB

    RELOP  偏移，并进入状态 98
    PLUS   偏移，并进入状态 99
    MINUS  偏移，并进入状态 100
    STAR   偏移，并进入状态 101
    DIV    偏移，并进入状态 102
    AND    偏移，并进入状态 103
    DOT    偏移，并进入状态 105
    LB     偏移，并进入状态 106

    $default  使用规则 54 以归约 (Exp)


状态 137

   66 Exp: Exp DOT ID .

    $default  使用规则 66 以归约 (Exp)


状态 138

   82 Exp: Exp LB error . RB

    RB  偏移，并进入状态 145


状态 139

   52 Exp: Exp . ASSIGNOP Exp
   53    | Exp . AND Exp
   54    | Exp . OR Exp
   55    | Exp . RELOP Exp
   56    | Exp . PLUS Exp
   57    | Exp . MINUS Exp
   58    | Exp . STAR Exp
   59    | Exp . DIV Exp
   65    | Exp . LB Exp RB
   65    | Exp LB Exp . RB
   66    | Exp . DOT ID
   70    | Exp . ASSIGNOP error
   71    | Exp . AND error
   72    | Exp . OR error
   73    | Exp . RELOP error
   74    | Exp . PLUS error
   75    | Exp . MINUS error
   76    | Exp . STAR error
   77    | Exp . DIV error
   82    | Exp . LB error RB

    ASSIGNOP  偏移，并进入状态 97
    RELOP     偏移，并进入状态 98
    PLUS      偏移，并进入状态 99
    MINUS     偏移，并进入状态 100
    STAR      偏移，并进入状态 101
    DIV       偏移，并进入状态 102
    AND       偏移，并进入状态 103
    OR        偏移，并进入状态 104
    DOT       偏移，并进入状态 105
    LB        偏移，并进入状态 106
    RB        偏移，并进入状态 146


状态 140

   81 Exp: ID LP error RP .

    $default  使用规则 81 以归约 (Exp)


状态 141

   83 Args: Exp COMMA . Args

    INT    偏移，并进入状态 62
    FLOAT  偏移，并进入状态 63
    ID     偏移，并进入状态 64
    MINUS  偏移，并进入状态 65
    NOT    偏移，并进入状态 66
    LP     偏移，并进入状态 67

    Exp   转到状态 111
    Args  转到状态 147


状态 142

   63 Exp: ID LP Args RP .

    $default  使用规则 63 以归约 (Exp)


状态 143

   36 Stmt: IF LP Exp RP . Stmt
   37     | IF LP Exp RP . Stmt ELSE Stmt

    error   偏移，并进入状态 61
    INT     偏移，并进入状态 62
    FLOAT   偏移，并进入状态 63
    ID      偏移，并进入状态 64
    MINUS   偏移，并进入状态 65
    NOT     偏移，并进入状态 66
    LP      偏移，并进入状态 67
    LC      偏移，并进入状态 31
    RETURN  偏移，并进入状态 68
    IF      偏移，并进入状态 69
    WHILE   偏移，并进入状态 70

    CompSt  转到状态 71
    Stmt    转到状态 148
    Exp     转到状态 74


状态 144

   38 Stmt: WHILE LP Exp RP . Stmt

    error   偏移，并进入状态 61
    INT     偏移，并进入状态 62
    FLOAT   偏移，并进入状态 63
    ID      偏移，并进入状态 64
    MINUS   偏移，并进入状态 65
    NOT     偏移，并进入状态 66
    LP      偏移，并进入状态 67
    LC      偏移，并进入状态 31
    RETURN  偏移，并进入状态 68
    IF      偏移，并进入状态 69
    WHILE   偏移，并进入状态 70

    CompSt  转到状态 71
    Stmt    转到状态 149
    Exp     转到状态 74


状态 145

   82 Exp: Exp LB error RB .

    $default  使用规则 82 以归约 (Exp)


状态 146

   65 Exp: Exp LB Exp RB .

    $default  使用规则 65 以归约 (Exp)


状态 147

   83 Args: Exp COMMA Args .

    $default  使用规则 83 以归约 (Args)


状态 148

   36 Stmt: IF LP Exp RP Stmt .
   37     | IF LP Exp RP Stmt . ELSE Stmt

    ELSE  偏移，并进入状态 150

    $default  使用规则 36 以归约 (Stmt)


状态 149

   38 Stmt: WHILE LP Exp RP Stmt .

    $default  使用规则 38 以归约 (Stmt)


状态 150

   37 Stmt: IF LP Exp RP Stmt ELSE . Stmt

    error   偏移，并进入状态 61
    INT     偏移，并进入状态 62
    FLOAT   偏移，并进入状态 63
    ID      偏移，并进入状态 64
    MINUS   偏移，并进入状态 65
    NOT     偏移，并进入状态 66
    LP      偏移，并进入状态 67
    LC      偏移，并进入状态 31
    RETURN  偏移，并进入状态 68
    IF      偏移，并进入状态 69
    WHILE   偏移，并进入状态 70

    CompSt  转到状态 71
    Stmt    转到状态 151
    Exp     转到状态 74


状态 151

   37 Stmt: IF LP Exp RP Stmt ELSE Stmt .

    $default  使用规则 37 以归约 (Stmt)
